[01-Feb-2024 16:20:27] WpOrg\Requests\Utility\CaseInsensitiveDictionary Object
(
    [data:protected] => Array
        (
            [content-type] => application/json;charset=utf-8
            [server] => Microsoft-IIS/10.0
            [access-control-allow-origin] => *
            [x-powered-by] => ASP.NET
            [date] => Thu, 01 Feb 2024 16:20:27 GMT
            [content-length] => 25341
        )

)

[01-Feb-2024 16:20:27] Array
(
    [0] => Array
        (
            [Phase] => None
            [Unit] => 201
            [Model] => 1
            [Bed/Baths] => 4/4.5+Den
            [SqFt] => 5090
            [LotStatus] => Available
            [Taxes] => 
            [Released] => 1
            [WebReleased] => 
            [Terrace] => TBD
            [Tower] => South Tower
            [LotPremium] => 16500000
            [View] => West
            [Custom2] => 
            [Custom3] => 
            [Custom4] => 
            [HOA 1] => 
            [HOA 2] => 
            [TotalPrice] => 16500000
            [UnitLink] => 
            [ModelLink] => 
            [Street Address] => 
            [Title] => 
            [Show Price On Web] => 
            [Featured Unit] => 
            [Short Description] => 
            [Unique Features] => 
            [Spec] => 
            [RenderingStatus] => No Change
            [SalesModel] => 
            [Custom5] => 
            [Custom6] => 
            [Description] => 
            [MLS Number] => 
        )

    [1] => Array
        (
            [Phase] => None
            [Unit] => 205
            [Model] => 5
            [Bed/Baths] => 3/3.5+Den
            [SqFt] => 4266
            [LotStatus] => Unreleased
            [Taxes] => 
            [Released] => 
            [WebReleased] => 
            [Terrace] => TBD
            [Tower] => North Tower
            [LotPremium] => 11750000
            [View] => Southwest
            [Custom2] => 
            [Custom3] => 
            [Custom4] => 
            [HOA 1] => 
            [HOA 2] => 
            [TotalPrice] => 11750000
            [UnitLink] => 
            [ModelLink] => 
            [Street Address] => 
            [Title] => 
            [Show Price On Web] => 
            [Featured Unit] => 
            [Short Description] => 
            [Unique Features] => 
            [Spec] => 
            [RenderingStatus] => No Change
            [SalesModel] => 
            [Custom5] => 
            [Custom6] => 
            [Description] => 
            [MLS Number] => 
        )

    [2] => Array
        (
            [Phase] => None
            [Unit] => 206
            [Model] => 6
            [Bed/Baths] => 4/4.5+Den,Club Room
            [SqFt] => 5739
            [LotStatus] => Available
            [Taxes] => 
            [Released] => 1
            [WebReleased] => 
            [Terrace] => TBD
            [Tower] => North Tower
            [LotPremium] => 16500000
            [View] => Southwest
            [Custom2] => 
            [Custom3] => 
            [Custom4] => 
            [HOA 1] => 
            [HOA 2] => 
            [TotalPrice] => 16500000
            [UnitLink] => 
            [ModelLink] => 
            [Street Address] => 
            [Title] => 
            [Show Price On Web] => 
            [Featured Unit] => 
            [Short Description] => 
            [Unique Features] => 
            [Spec] => 
            [RenderingStatus] => No Change
            [SalesModel] => 
            [Custom5] => 
            [Custom6] => 
            [Description] => 
            [MLS Number] => 
        )

    [3] => Array
        (
            [Phase] => None
            [Unit] => 207
            [Model] => 7
            [Bed/Baths] => 4/4.5+Den,Club Room
            [SqFt] => 5842
            [LotStatus] => Available
            [Taxes] => 
            [Released] => 1
            [WebReleased] => 
            [Terrace] => TBD
            [Tower] => North Tower
            [LotPremium] => 17500000
            [View] => Southwest
            [Custom2] => 
            [Custom3] => 
            [Custom4] => 
            [HOA 1] => 
            [HOA 2] => 
            [TotalPrice] => 17500000
            [UnitLink] => 
            [ModelLink] => 
            [Street Address] => 
            [Title] => 
            [Show Price On Web] => 
            [Featured Unit] => 
            [Short Description] => 
            [Unique Features] => 
            [Spec] => 
            [RenderingStatus] => No Change
            [SalesModel] => 
            [Custom5] => 
            [Custom6] => 
            [Description] => 
            [MLS Number] => 
        )

    [4] => Array
        (
            [Phase] => None
            [Unit] => 208
            [Model] => 8
            [Bed/Baths] => 4/4.5+Den
            [SqFt] => 4961
            [LotStatus] => Approved
            [Taxes] => 
            [Released] => 1
            [WebReleased] => 
            [Terrace] => TBD
            [Tower] => North Tower
            [LotPremium] => 15750000
            [View] => Southwest
            [Custom2] => 
            [Custom3] => 
            [Custom4] => 
            [HOA 1] => 
            [HOA 2] => 
            [TotalPrice] => 15750000
            [UnitLink] => 
            [ModelLink] => 
            [Street Address] => 
            [Title] => 
            [Show Price On Web] => 
            [Featured Unit] => 
            [Short Description] => 
            [Unique Features] => 
            [Spec] => 
            [RenderingStatus] => No Change
            [SalesModel] => 
            [Custom5] => 
            [Custom6] => 
            [Description] => 
            [MLS Number] => 
        )

    [5] => Array
        (
            [Phase] => None
            [Unit] => 301
            [Model] => 1
            [Bed/Baths] => 4/4.5+Den
            [SqFt] => 5090
            [LotStatus] => Available
            [Taxes] => 
            [Released] => 1
            [WebReleased] => 
            [Terrace] => 781
            [Tower] => South Tower
            [LotPremium] => 15500000
            [View] => West
            [Custom2] => 
            [Custom3] => 
            [Custom4] => 
            [HOA 1] => 
            [HOA 2] => 
            [TotalPrice] => 15500000
            [UnitLink] => 
            [ModelLink] => 
            [Street Address] => 
            [Title] => 
            [Show Price On Web] => 
            [Featured Unit] => 
            [Short Description] => 
            [Unique Features] => 
            [Spec] => 
            [RenderingStatus] => No Change
            [SalesModel] => 
            [Custom5] => 
            [Custom6] => 
            [Description] => 
            [MLS Number] => 
        )

    [6] => Array
        (
            [Phase] => None
            [Unit] => 302
            [Model] => 2
            [Bed/Baths] => 4/4.5+Den
            [SqFt] => 5444
            [LotStatus] => Unreleased
            [Taxes] => 
            [Released] => 
            [WebReleased] => 
            [Terrace] => 563
            [Tower] => South Tower
            [LotPremium] => 14000000
            [View] => West
            [Custom2] => 
            [Custom3] => 
            [Custom4] => 
            [HOA 1] => 
            [HOA 2] => 
            [TotalPrice] => 14000000
            [UnitLink] => 
            [ModelLink] => 
            [Street Address] => 
            [Title] => 
            [Show Price On Web] => 
            [Featured Unit] => 
            [Short Description] => 
            [Unique Features] => 
            [Spec] => 
            [RenderingStatus] => No Change
            [SalesModel] => 
            [Custom5] => 
            [Custom6] => 
            [Description] => 
            [MLS Number] => 
        )

    [7] => Array
        (
            [Phase] => None
            [Unit] => 303
            [Model] => 3
            [Bed/Baths] => 4/4.5+Den
            [SqFt] => 5444
            [LotStatus] => Available
            [Taxes] => 
            [Released] => 1
            [WebReleased] => 
            [Terrace] => 563
            [Tower] => South Tower
            [LotPremium] => 14000000
            [View] => West
            [Custom2] => 
            [Custom3] => 
            [Custom4] => 
            [HOA 1] => 
            [HOA 2] => 
            [TotalPrice] => 14000000
            [UnitLink] => 
            [ModelLink] => 
            [Street Address] => 
            [Title] => 
            [Show Price On Web] => 
            [Featured Unit] => 
            [Short Description] => 
            [Unique Features] => 
            [Spec] => 
            [RenderingStatus] => No Change
            [SalesModel] => 
            [Custom5] => 
            [Custom6] => 
            [Description] => 
            [MLS Number] => 
        )

    [8] => Array
        (
            [Phase] => None
            [Unit] => 304
            [Model] => 4
            [Bed/Baths] => 4/4.5+Den
            [SqFt] => 4512
            [LotStatus] => Available
            [Taxes] => 
            [Released] => 1
            [WebReleased] => 
            [Terrace] => 
            [Tower] => South Tower
            [LotPremium] => 11500000
            [View] => West
            [Custom2] => 
            [Custom3] => 
            [Custom4] => 
            [HOA 1] => 
            [HOA 2] => 
            [TotalPrice] => 11500000
            [UnitLink] => 
            [ModelLink] => 
            [Street Address] => 
            [Title] => 
            [Show Price On Web] => 
            [Featured Unit] => 
            [Short Description] => 
            [Unique Features] => 
            [Spec] => 
            [RenderingStatus] => No Change
            [SalesModel] => 
            [Custom5] => 
            [Custom6] => 
            [Description] => 
            [MLS Number] => 
        )

    [9] => Array
        (
            [Phase] => None
            [Unit] => 305
            [Model] => 5
            [Bed/Baths] => 3/3.5+Den
            [SqFt] => 4266
            [LotStatus] => Available
            [Taxes] => 
            [Released] => 1
            [WebReleased] => 
            [Terrace] => 758
            [Tower] => North Tower
            [LotPremium] => 10750000
            [View] => Southwest
            [Custom2] => 
            [Custom3] => 
            [Custom4] => 
            [HOA 1] => 
            [HOA 2] => 
            [TotalPrice] => 10750000
            [UnitLink] => 
            [ModelLink] => 
            [Street Address] => 
            [Title] => 
            [Show Price On Web] => 
            [Featured Unit] => 
            [Short Description] => 
            [Unique Features] => 
            [Spec] => 
            [RenderingStatus] => No Change
            [SalesModel] => 
            [Custom5] => 
            [Custom6] => 
            [Description] => 
            [MLS Number] => 
        )

    [10] => Array
        (
            [Phase] => None
            [Unit] => 306
            [Model] => 6
            [Bed/Baths] => 4/4.5+Den,Club Room
            [SqFt] => 5739
            [LotStatus] => Available
            [Taxes] => 
            [Released] => 1
            [WebReleased] => 
            [Terrace] => 427
            [Tower] => North Tower
            [LotPremium] => 15500000
            [View] => Southwest
            [Custom2] => 
            [Custom3] => 
            [Custom4] => 
            [HOA 1] => 
            [HOA 2] => 
            [TotalPrice] => 15500000
            [UnitLink] => 
            [ModelLink] => 
            [Street Address] => 
            [Title] => 
            [Show Price On Web] => 
            [Featured Unit] => 
            [Short Description] => 
            [Unique Features] => 
            [Spec] => 
            [RenderingStatus] => No Change
            [SalesModel] => 
            [Custom5] => 
            [Custom6] => 
            [Description] => 
            [MLS Number] => 
        )

    [11] => Array
        (
            [Phase] => None
            [Unit] => 307
            [Model] => 7
            [Bed/Baths] => 4/4.5+Den,Club Room
            [SqFt] => 6012
            [LotStatus] => Available
            [Taxes] => 
            [Released] => 1
            [WebReleased] => 
            [Terrace] => 577
            [Tower] => North Tower
            [LotPremium] => 16500000
            [View] => Southwest
            [Custom2] => 
            [Custom3] => 
            [Custom4] => 
            [HOA 1] => 
            [HOA 2] => 
            [TotalPrice] => 16500000
            [UnitLink] => 
            [ModelLink] => 
            [Street Address] => 
            [Title] => 
            [Show Price On Web] => 
            [Featured Unit] => 
            [Short Description] => 
            [Unique Features] => 
            [Spec] => 
            [RenderingStatus] => No Change
            [SalesModel] => 
            [Custom5] => 
            [Custom6] => 
            [Description] => 
            [MLS Number] => 
        )

    [12] => Array
        (
            [Phase] => None
            [Unit] => 308
            [Model] => 8
            [Bed/Baths] => 4/4.5+Den
            [SqFt] => 5094
            [LotStatus] => Available
            [Taxes] => 
            [Released] => 1
            [WebReleased] => 
            [Terrace] => 655
            [Tower] => North Tower
            [LotPremium] => 16500000
            [View] => Southwest
            [Custom2] => 
            [Custom3] => 
            [Custom4] => 
            [HOA 1] => 
            [HOA 2] => 
            [TotalPrice] => 16500000
            [UnitLink] => 
            [ModelLink] => 
            [Street Address] => 
            [Title] => 
            [Show Price On Web] => 
            [Featured Unit] => 
            [Short Description] => 
            [Unique Features] => 
            [Spec] => 
            [RenderingStatus] => No Change
            [SalesModel] => 
            [Custom5] => 
            [Custom6] => 
            [Description] => 
            [MLS Number] => 
        )

    [13] => Array
        (
            [Phase] => None
            [Unit] => 401
            [Model] => 1
            [Bed/Baths] => 4/4.5+Den
            [SqFt] => 5090
            [LotStatus] => Available
            [Taxes] => 
            [Released] => 1
            [WebReleased] => 
            [Terrace] => 781
            [Tower] => South Tower
            [LotPremium] => 16500000
            [View] => West
            [Custom2] => 
            [Custom3] => 
            [Custom4] => 
            [HOA 1] => 
            [HOA 2] => 
            [TotalPrice] => 16500000
            [UnitLink] => 
            [ModelLink] => 
            [Street Address] => 
            [Title] => 
            [Show Price On Web] => 
            [Featured Unit] => 
            [Short Description] => 
            [Unique Features] => 
            [Spec] => 
            [RenderingStatus] => No Change
            [SalesModel] => 
            [Custom5] => 
            [Custom6] => 
            [Description] => 
            [MLS Number] => 
        )

    [14] => Array
        (
            [Phase] => None
            [Unit] => 402
            [Model] => 2
            [Bed/Baths] => 4/4.5+Den
            [SqFt] => 5444
            [LotStatus] => Available
            [Taxes] => 
            [Released] => 1
            [WebReleased] => 
            [Terrace] => 563
            [Tower] => South Tower
            [LotPremium] => 14500000
            [View] => West
            [Custom2] => 
            [Custom3] => 
            [Custom4] => 
            [HOA 1] => 
            [HOA 2] => 
            [TotalPrice] => 14500000
            [UnitLink] => 
            [ModelLink] => 
            [Street Address] => 
            [Title] => 
            [Show Price On Web] => 
            [Featured Unit] => 
            [Short Description] => 
            [Unique Features] => 
            [Spec] => 
            [RenderingStatus] => No Change
            [SalesModel] => 
            [Custom5] => 
            [Custom6] => 
            [Description] => 
            [MLS Number] => 
        )

    [15] => Array
        (
            [Phase] => None
            [Unit] => 403
            [Model] => 3
            [Bed/Baths] => 4/4.5+Den
            [SqFt] => 5444
            [LotStatus] => Unreleased
            [Taxes] => 
            [Released] => 
            [WebReleased] => 
            [Terrace] => 563
            [Tower] => South Tower
            [LotPremium] => 14500000
            [View] => West
            [Custom2] => 
            [Custom3] => 
            [Custom4] => 
            [HOA 1] => 
            [HOA 2] => 
            [TotalPrice] => 14500000
            [UnitLink] => 
            [ModelLink] => 
            [Street Address] => 
            [Title] => 
            [Show Price On Web] => 
            [Featured Unit] => 
            [Short Description] => 
            [Unique Features] => 
            [Spec] => 
            [RenderingStatus] => No Change
            [SalesModel] => 
            [Custom5] => 
            [Custom6] => 
            [Description] => 
            [MLS Number] => 
        )

    [16] => Array
        (
            [Phase] => None
            [Unit] => 404
            [Model] => 4
            [Bed/Baths] => 4/4.5+Den
            [SqFt] => 4512
            [LotStatus] => Available
            [Taxes] => 
            [Released] => 1
            [WebReleased] => 
            [Terrace] => 
            [Tower] => South Tower
            [LotPremium] => 12000000
            [View] => West
            [Custom2] => 
            [Custom3] => 
            [Custom4] => 
            [HOA 1] => 
            [HOA 2] => 
            [TotalPrice] => 12000000
            [UnitLink] => 
            [ModelLink] => 
            [Street Address] => 
            [Title] => 
            [Show Price On Web] => 
            [Featured Unit] => 
            [Short Description] => 
            [Unique Features] => 
            [Spec] => 
            [RenderingStatus] => No Change
            [SalesModel] => 
            [Custom5] => 
            [Custom6] => 
            [Description] => 
            [MLS Number] => 
        )

    [17] => Array
        (
            [Phase] => None
            [Unit] => 405
            [Model] => 5
            [Bed/Baths] => 3/3.5+Den
            [SqFt] => 4266
            [LotStatus] => Available
            [Taxes] => 
            [Released] => 1
            [WebReleased] => 
            [Terrace] => 758
            [Tower] => North Tower
            [LotPremium] => 11250000
            [View] => Southwest
            [Custom2] => 
            [Custom3] => 
            [Custom4] => 
            [HOA 1] => 
            [HOA 2] => 
            [TotalPrice] => 11250000
            [UnitLink] => 
            [ModelLink] => 
            [Street Address] => 
            [Title] => 
            [Show Price On Web] => 
            [Featured Unit] => 
            [Short Description] => 
            [Unique Features] => 
            [Spec] => 
            [RenderingStatus] => No Change
            [SalesModel] => 
            [Custom5] => 
            [Custom6] => 
            [Description] => 
            [MLS Number] => 
        )

    [18] => Array
        (
            [Phase] => None
            [Unit] => 406
            [Model] => 6
            [Bed/Baths] => 4/4.5+Den,Club Room
            [SqFt] => 5739
            [LotStatus] => Available
            [Taxes] => 
            [Released] => 1
            [WebReleased] => 
            [Terrace] => 427
            [Tower] => North Tower
            [LotPremium] => 16500000
            [View] => Southwest
            [Custom2] => 
            [Custom3] => 
            [Custom4] => 
            [HOA 1] => 
            [HOA 2] => 
            [TotalPrice] => 16500000
            [UnitLink] => 
            [ModelLink] => 
            [Street Address] => 
            [Title] => 
            [Show Price On Web] => 
            [Featured Unit] => 
            [Short Description] => 
            [Unique Features] => 
            [Spec] => 
            [RenderingStatus] => No Change
            [SalesModel] => 
            [Custom5] => 
            [Custom6] => 
            [Description] => 
            [MLS Number] => 
        )

    [19] => Array
        (
            [Phase] => None
            [Unit] => 407
            [Model] => 7
            [Bed/Baths] => 4/4.5+Den,Club Room
            [SqFt] => 6012
            [LotStatus] => Available
            [Taxes] => 
            [Released] => 1
            [WebReleased] => 
            [Terrace] => 577
            [Tower] => North Tower
            [LotPremium] => 17500000
            [View] => Southwest
            [Custom2] => 
            [Custom3] => 
            [Custom4] => 
            [HOA 1] => 
            [HOA 2] => 
            [TotalPrice] => 17500000
            [UnitLink] => 
            [ModelLink] => 
            [Street Address] => 
            [Title] => 
            [Show Price On Web] => 
            [Featured Unit] => 
            [Short Description] => 
            [Unique Features] => 
            [Spec] => 
            [RenderingStatus] => No Change
            [SalesModel] => 
            [Custom5] => 
            [Custom6] => 
            [Description] => 
            [MLS Number] => 
        )

    [20] => Array
        (
            [Phase] => None
            [Unit] => 408
            [Model] => 8
            [Bed/Baths] => 4/4.5+Den
            [SqFt] => 5094
            [LotStatus] => Approved
            [Taxes] => 
            [Released] => 1
            [WebReleased] => 
            [Terrace] => 655
            [Tower] => North Tower
            [LotPremium] => 17000000
            [View] => Southwest
            [Custom2] => 
            [Custom3] => 
            [Custom4] => 
            [HOA 1] => 
            [HOA 2] => 
            [TotalPrice] => 17000000
            [UnitLink] => 
            [ModelLink] => 
            [Street Address] => 
            [Title] => 
            [Show Price On Web] => 
            [Featured Unit] => 
            [Short Description] => 
            [Unique Features] => 
            [Spec] => 
            [RenderingStatus] => No Change
            [SalesModel] => 
            [Custom5] => 
            [Custom6] => 
            [Description] => 
            [MLS Number] => 
        )

    [21] => Array
        (
            [Phase] => None
            [Unit] => 501
            [Model] => 1
            [Bed/Baths] => 4/4.5+Den
            [SqFt] => 5090
            [LotStatus] => Available
            [Taxes] => 
            [Released] => 1
            [WebReleased] => 
            [Terrace] => 781
            [Tower] => South Tower
            [LotPremium] => 17000000
            [View] => West
            [Custom2] => 
            [Custom3] => 
            [Custom4] => 
            [HOA 1] => 
            [HOA 2] => 
            [TotalPrice] => 17000000
            [UnitLink] => 
            [ModelLink] => 
            [Street Address] => 
            [Title] => 
            [Show Price On Web] => 
            [Featured Unit] => 
            [Short Description] => 
            [Unique Features] => 
            [Spec] => 
            [RenderingStatus] => No Change
            [SalesModel] => 
            [Custom5] => 
            [Custom6] => 
            [Description] => 
            [MLS Number] => 
        )

    [22] => Array
        (
            [Phase] => None
            [Unit] => 502
            [Model] => 2
            [Bed/Baths] => 4/4.5+Den
            [SqFt] => 5444
            [LotStatus] => Available
            [Taxes] => 
            [Released] => 1
            [WebReleased] => 
            [Terrace] => 563
            [Tower] => South Tower
            [LotPremium] => 15000000
            [View] => West
            [Custom2] => 
            [Custom3] => 
            [Custom4] => 
            [HOA 1] => 
            [HOA 2] => 
            [TotalPrice] => 15000000
            [UnitLink] => 
            [ModelLink] => 
            [Street Address] => 
            [Title] => 
            [Show Price On Web] => 
            [Featured Unit] => 
            [Short Description] => 
            [Unique Features] => 
            [Spec] => 
            [RenderingStatus] => No Change
            [SalesModel] => 
            [Custom5] => 
            [Custom6] => 
            [Description] => 
            [MLS Number] => 
        )

    [23] => Array
        (
            [Phase] => None
            [Unit] => 503
            [Model] => 3
            [Bed/Baths] => 4/4.5+Den
            [SqFt] => 5444
            [LotStatus] => Approved
            [Taxes] => 
            [Released] => 1
            [WebReleased] => 
            [Terrace] => 563
            [Tower] => South Tower
            [LotPremium] => 14000000
            [View] => West
            [Custom2] => 
            [Custom3] => 
            [Custom4] => 
            [HOA 1] => 
            [HOA 2] => 
            [TotalPrice] => 14000000
            [UnitLink] => 
            [ModelLink] => 
            [Street Address] => 
            [Title] => 
            [Show Price On Web] => 
            [Featured Unit] => 
            [Short Description] => 
            [Unique Features] => 
            [Spec] => 
            [RenderingStatus] => No Change
            [SalesModel] => 
            [Custom5] => 
            [Custom6] => 
            [Description] => 
            [MLS Number] => 
        )

    [24] => Array
        (
            [Phase] => None
            [Unit] => 504
            [Model] => 4
            [Bed/Baths] => 4/4.5+Den
            [SqFt] => 4512
            [LotStatus] => Available
            [Taxes] => 
            [Released] => 1
            [WebReleased] => 
            [Terrace] => 
            [Tower] => South Tower
            [LotPremium] => 12500000
            [View] => West
            [Custom2] => 
            [Custom3] => 
            [Custom4] => 
            [HOA 1] => 
            [HOA 2] => 
            [TotalPrice] => 12500000
            [UnitLink] => 
            [ModelLink] => 
            [Street Address] => 
            [Title] => 
            [Show Price On Web] => 
            [Featured Unit] => 
            [Short Description] => 
            [Unique Features] => 
            [Spec] => 
            [RenderingStatus] => No Change
            [SalesModel] => 
            [Custom5] => 
            [Custom6] => 
            [Description] => 
            [MLS Number] => 
        )

    [25] => Array
        (
            [Phase] => None
            [Unit] => 505
            [Model] => 5
            [Bed/Baths] => 3/3.5+Den
            [SqFt] => 4266
            [LotStatus] => Approved
            [Taxes] => 
            [Released] => 1
            [WebReleased] => 
            [Terrace] => 758
            [Tower] => North Tower
            [LotPremium] => 11500000
            [View] => Southwest
            [Custom2] => 
            [Custom3] => 
            [Custom4] => 
            [HOA 1] => 
            [HOA 2] => 
            [TotalPrice] => 11500000
            [UnitLink] => 
            [ModelLink] => 
            [Street Address] => 
            [Title] => 
            [Show Price On Web] => 
            [Featured Unit] => 
            [Short Description] => 
            [Unique Features] => 
            [Spec] => 
            [RenderingStatus] => No Change
            [SalesModel] => 
            [Custom5] => 
            [Custom6] => 
            [Description] => 
            [MLS Number] => 
        )

    [26] => Array
        (
            [Phase] => None
            [Unit] => 506
            [Model] => 6
            [Bed/Baths] => 4/4.5+Den,Club Room
            [SqFt] => 5739
            [LotStatus] => Available
            [Taxes] => 
            [Released] => 1
            [WebReleased] => 
            [Terrace] => 427
            [Tower] => North Tower
            [LotPremium] => 17500000
            [View] => Southwest
            [Custom2] => 
            [Custom3] => 
            [Custom4] => 
            [HOA 1] => 
            [HOA 2] => 
            [TotalPrice] => 17500000
            [UnitLink] => 
            [ModelLink] => 
            [Street Address] => 
            [Title] => 
            [Show Price On Web] => 
            [Featured Unit] => 
            [Short Description] => 
            [Unique Features] => 
            [Spec] => 
            [RenderingStatus] => No Change
            [SalesModel] => 
            [Custom5] => 
            [Custom6] => 
            [Description] => 
            [MLS Number] => 
        )

    [27] => Array
        (
            [Phase] => None
            [Unit] => 507
            [Model] => 7
            [Bed/Baths] => 4/4.5+Den,Club Room
            [SqFt] => 6012
            [LotStatus] => Available
            [Taxes] => 
            [Released] => 1
            [WebReleased] => 
            [Terrace] => 577
            [Tower] => North Tower
            [LotPremium] => 18500000
            [View] => Southwest
            [Custom2] => 
            [Custom3] => 
            [Custom4] => 
            [HOA 1] => 
            [HOA 2] => 
            [TotalPrice] => 18500000
            [UnitLink] => 
            [ModelLink] => 
            [Street Address] => 
            [Title] => 
            [Show Price On Web] => 
            [Featured Unit] => 
            [Short Description] => 
            [Unique Features] => 
            [Spec] => 
            [RenderingStatus] => No Change
            [SalesModel] => 
            [Custom5] => 
            [Custom6] => 
            [Description] => 
            [MLS Number] => 
        )

    [28] => Array
        (
            [Phase] => None
            [Unit] => 508
            [Model] => 8
            [Bed/Baths] => 4/4.5+Den
            [SqFt] => 5094
            [LotStatus] => Approved
            [Taxes] => 
            [Released] => 1
            [WebReleased] => 
            [Terrace] => 655
            [Tower] => North Tower
            [LotPremium] => 17000000
            [View] => Southwest
            [Custom2] => 
            [Custom3] => 
            [Custom4] => 
            [HOA 1] => 
            [HOA 2] => 
            [TotalPrice] => 17000000
            [UnitLink] => 
            [ModelLink] => 
            [Street Address] => 
            [Title] => 
            [Show Price On Web] => 
            [Featured Unit] => 
            [Short Description] => 
            [Unique Features] => 
            [Spec] => 
            [RenderingStatus] => No Change
            [SalesModel] => 
            [Custom5] => 
            [Custom6] => 
            [Description] => 
            [MLS Number] => 
        )

    [29] => Array
        (
            [Phase] => None
            [Unit] => 601
            [Model] => 1
            [Bed/Baths] => 4/4.5+Den
            [SqFt] => 5090
            [LotStatus] => Approved
            [Taxes] => 
            [Released] => 1
            [WebReleased] => 
            [Terrace] => 781
            [Tower] => South Tower
            [LotPremium] => 18000000
            [View] => West
            [Custom2] => 
            [Custom3] => 
            [Custom4] => 
            [HOA 1] => 
            [HOA 2] => 
            [TotalPrice] => 18000000
            [UnitLink] => 
            [ModelLink] => 
            [Street Address] => 
            [Title] => 
            [Show Price On Web] => 
            [Featured Unit] => 
            [Short Description] => 
            [Unique Features] => 
            [Spec] => 
            [RenderingStatus] => No Change
            [SalesModel] => 
            [Custom5] => 
            [Custom6] => 
            [Description] => 
            [MLS Number] => 
        )

    [30] => Array
        (
            [Phase] => None
            [Unit] => 602
            [Model] => 2
            [Bed/Baths] => 4/4.5+Den
            [SqFt] => 5444
            [LotStatus] => Available
            [Taxes] => 
            [Released] => 1
            [WebReleased] => 
            [Terrace] => 563
            [Tower] => South Tower
            [LotPremium] => 16000000
            [View] => West
            [Custom2] => 
            [Custom3] => 
            [Custom4] => 
            [HOA 1] => 
            [HOA 2] => 
            [TotalPrice] => 16000000
            [UnitLink] => 
            [ModelLink] => 
            [Street Address] => 
            [Title] => 
            [Show Price On Web] => 
            [Featured Unit] => 
            [Short Description] => 
            [Unique Features] => 
            [Spec] => 
            [RenderingStatus] => No Change
            [SalesModel] => 
            [Custom5] => 
            [Custom6] => 
            [Description] => 
            [MLS Number] => 
        )

    [31] => Array
        (
            [Phase] => None
            [Unit] => 603
            [Model] => 3
            [Bed/Baths] => 4/4.5+Den
            [SqFt] => 5444
            [LotStatus] => Available
            [Taxes] => 
            [Released] => 1
            [WebReleased] => 
            [Terrace] => 563
            [Tower] => South Tower
            [LotPremium] => 16000000
            [View] => West
            [Custom2] => 
            [Custom3] => 
            [Custom4] => 
            [HOA 1] => 
            [HOA 2] => 
            [TotalPrice] => 16000000
            [UnitLink] => 
            [ModelLink] => 
            [Street Address] => 
            [Title] => 
            [Show Price On Web] => 
            [Featured Unit] => 
            [Short Description] => 
            [Unique Features] => 
            [Spec] => 
            [RenderingStatus] => No Change
            [SalesModel] => 
            [Custom5] => 
            [Custom6] => 
            [Description] => 
            [MLS Number] => 
        )

    [32] => Array
        (
            [Phase] => None
            [Unit] => 604
            [Model] => 4
            [Bed/Baths] => 4/4.5+Den
            [SqFt] => 4512
            [LotStatus] => Available
            [Taxes] => 
            [Released] => 1
            [WebReleased] => 
            [Terrace] => 
            [Tower] => South Tower
            [LotPremium] => 13500000
            [View] => West
            [Custom2] => 
            [Custom3] => 
            [Custom4] => 
            [HOA 1] => 
            [HOA 2] => 
            [TotalPrice] => 13500000
            [UnitLink] => 
            [ModelLink] => 
            [Street Address] => 
            [Title] => 
            [Show Price On Web] => 
            [Featured Unit] => 
            [Short Description] => 
            [Unique Features] => 
            [Spec] => 
            [RenderingStatus] => No Change
            [SalesModel] => 
            [Custom5] => 
            [Custom6] => 
            [Description] => 
            [MLS Number] => 
        )

    [33] => Array
        (
            [Phase] => None
            [Unit] => 605
            [Model] => 5
            [Bed/Baths] => 3/3.5+Den
            [SqFt] => 4266
            [LotStatus] => Approved
            [Taxes] => 
            [Released] => 1
            [WebReleased] => 
            [Terrace] => 758
            [Tower] => North Tower
            [LotPremium] => 12500000
            [View] => Southwest
            [Custom2] => 
            [Custom3] => 
            [Custom4] => 
            [HOA 1] => 
            [HOA 2] => 
            [TotalPrice] => 12500000
            [UnitLink] => 
            [ModelLink] => 
            [Street Address] => 
            [Title] => 
            [Show Price On Web] => 
            [Featured Unit] => 
            [Short Description] => 
            [Unique Features] => 
            [Spec] => 
            [RenderingStatus] => No Change
            [SalesModel] => 
            [Custom5] => 
            [Custom6] => 
            [Description] => 
            [MLS Number] => 
        )

    [34] => Array
        (
            [Phase] => None
            [Unit] => 606
            [Model] => 6
            [Bed/Baths] => 4/4.5+Den,Club Room
            [SqFt] => 5739
            [LotStatus] => Approved
            [Taxes] => 
            [Released] => 1
            [WebReleased] => 
            [Terrace] => 427
            [Tower] => North Tower
            [LotPremium] => 16750000
            [View] => Southwest
            [Custom2] => 
            [Custom3] => 
            [Custom4] => 
            [HOA 1] => 
            [HOA 2] => 
            [TotalPrice] => 16750000
            [UnitLink] => 
            [ModelLink] => 
            [Street Address] => 
            [Title] => 
            [Show Price On Web] => 
            [Featured Unit] => 
            [Short Description] => 
            [Unique Features] => 
            [Spec] => 
            [RenderingStatus] => No Change
            [SalesModel] => 
            [Custom5] => 
            [Custom6] => 
            [Description] => 
            [MLS Number] => 
        )

    [35] => Array
        (
            [Phase] => None
            [Unit] => 607
            [Model] => 7
            [Bed/Baths] => 4/4.5+Den,Club Room
            [SqFt] => 6012
            [LotStatus] => Available
            [Taxes] => 
            [Released] => 1
            [WebReleased] => 
            [Terrace] => 577
            [Tower] => North Tower
            [LotPremium] => 19500000
            [View] => Southwest
            [Custom2] => 
            [Custom3] => 
            [Custom4] => 
            [HOA 1] => 
            [HOA 2] => 
            [TotalPrice] => 19500000
            [UnitLink] => 
            [ModelLink] => 
            [Street Address] => 
            [Title] => 
            [Show Price On Web] => 
            [Featured Unit] => 
            [Short Description] => 
            [Unique Features] => 
            [Spec] => 
            [RenderingStatus] => No Change
            [SalesModel] => 
            [Custom5] => 
            [Custom6] => 
            [Description] => 
            [MLS Number] => 
        )

    [36] => Array
        (
            [Phase] => None
            [Unit] => 608
            [Model] => 8
            [Bed/Baths] => 4/4.5+Den
            [SqFt] => 5094
            [LotStatus] => Approved
            [Taxes] => 
            [Released] => 1
            [WebReleased] => 
            [Terrace] => 655
            [Tower] => North Tower
            [LotPremium] => 18500000
            [View] => Southwest
            [Custom2] => 
            [Custom3] => 
            [Custom4] => 
            [HOA 1] => 
            [HOA 2] => 
            [TotalPrice] => 18500000
            [UnitLink] => 
            [ModelLink] => 
            [Street Address] => 
            [Title] => 
            [Show Price On Web] => 
            [Featured Unit] => 
            [Short Description] => 
            [Unique Features] => 
            [Spec] => 
            [RenderingStatus] => No Change
            [SalesModel] => 
            [Custom5] => 
            [Custom6] => 
            [Description] => 
            [MLS Number] => 
        )

    [37] => Array
        (
            [Phase] => None
            [Unit] => PH 1
            [Model] => PH
            [Bed/Baths] => 5/5.5+Den,Club Room
            [SqFt] => 7010
            [LotStatus] => Approved
            [Taxes] => 
            [Released] => 1
            [WebReleased] => 
            [Terrace] => 1780
            [Tower] => South Tower
            [LotPremium] => 35000000
            [View] => West
            [Custom2] => 
            [Custom3] => 
            [Custom4] => 
            [HOA 1] => 
            [HOA 2] => 
            [TotalPrice] => 35000000
            [UnitLink] => 
            [ModelLink] => 
            [Street Address] => 
            [Title] => 
            [Show Price On Web] => 
            [Featured Unit] => 
            [Short Description] => 
            [Unique Features] => 
            [Spec] => 
            [RenderingStatus] => No Change
            [SalesModel] => 
            [Custom5] => 
            [Custom6] => 
            [Description] => 
            [MLS Number] => 
        )

    [38] => Array
        (
            [Phase] => None
            [Unit] => PH 2
            [Model] => PH
            [Bed/Baths] => 5/5.5+Den,Club Room
            [SqFt] => 6375
            [LotStatus] => Available
            [Taxes] => 
            [Released] => 1
            [WebReleased] => 
            [Terrace] => 1517
            [Tower] => South Tower
            [LotPremium] => 30000000
            [View] => West
            [Custom2] => 
            [Custom3] => 
            [Custom4] => 
            [HOA 1] => 
            [HOA 2] => 
            [TotalPrice] => 30000000
            [UnitLink] => 
            [ModelLink] => 
            [Street Address] => 
            [Title] => 
            [Show Price On Web] => 
            [Featured Unit] => 
            [Short Description] => 
            [Unique Features] => 
            [Spec] => 
            [RenderingStatus] => No Change
            [SalesModel] => 
            [Custom5] => 
            [Custom6] => 
            [Description] => 
            [MLS Number] => 
        )

    [39] => Array
        (
            [Phase] => None
            [Unit] => PH 3
            [Model] => PH
            [Bed/Baths] => 4/4.5+Den,Club Room
            [SqFt] => 5170
            [LotStatus] => Available
            [Taxes] => 
            [Released] => 1
            [WebReleased] => 
            [Terrace] => 
            [Tower] => South Tower
            [LotPremium] => 23000000
            [View] => West
            [Custom2] => 
            [Custom3] => 
            [Custom4] => 
            [HOA 1] => 
            [HOA 2] => 
            [TotalPrice] => 23000000
            [UnitLink] => 
            [ModelLink] => 
            [Street Address] => 
            [Title] => 
            [Show Price On Web] => 
            [Featured Unit] => 
            [Short Description] => 
            [Unique Features] => 
            [Spec] => 
            [RenderingStatus] => No Change
            [SalesModel] => 
            [Custom5] => 
            [Custom6] => 
            [Description] => 
            [MLS Number] => 
        )

    [40] => Array
        (
            [Phase] => None
            [Unit] => PH 4
            [Model] => PH
            [Bed/Baths] => 6/6+2.5+Den,Club Room
            [SqFt] => 9601
            [LotStatus] => Unreleased
            [Taxes] => 
            [Released] => 
            [WebReleased] => 
            [Terrace] => 2,117
            [Tower] => North Tower
            [LotPremium] => 40000000
            [View] => Southwest
            [Custom2] => 
            [Custom3] => 
            [Custom4] => 
            [HOA 1] => 
            [HOA 2] => 
            [TotalPrice] => 40000000
            [UnitLink] => 
            [ModelLink] => 
            [Street Address] => 
            [Title] => 
            [Show Price On Web] => 
            [Featured Unit] => 
            [Short Description] => 
            [Unique Features] => 
            [Spec] => 
            [RenderingStatus] => No Change
            [SalesModel] => 
            [Custom5] => 
            [Custom6] => 
            [Description] => 
            [MLS Number] => 
        )

    [41] => Array
        (
            [Phase] => None
            [Unit] => PH 5
            [Model] => PH
            [Bed/Baths] => 6/6+2.5+Den,Club Room
            [SqFt] => 9578
            [LotStatus] => Available
            [Taxes] => 
            [Released] => 1
            [WebReleased] => 
            [Terrace] => 2,178
            [Tower] => North Tower
            [LotPremium] => 40000000
            [View] => Southwest
            [Custom2] => 
            [Custom3] => 
            [Custom4] => 
            [HOA 1] => 
            [HOA 2] => 
            [TotalPrice] => 40000000
            [UnitLink] => 
            [ModelLink] => 
            [Street Address] => 
            [Title] => 
            [Show Price On Web] => 
            [Featured Unit] => 
            [Short Description] => 
            [Unique Features] => 
            [Spec] => 
            [RenderingStatus] => No Change
            [SalesModel] => 
            [Custom5] => 
            [Custom6] => 
            [Description] => 
            [MLS Number] => 
        )

)

[01-Feb-2024 16:20:27] Sync Started
[01-Feb-2024 16:20:27] Array
(
    [1884] => Array
        (
            [RESULT] => NEW POST '208' CREATED 
            [unit_price] => updated from '' to '15750000'
            [tower] => updated from '' to 'North Tower'
            [status] => Approved
        )

    [1885] => Array
        (
            [RESULT] => NEW POST '401' CREATED 
            [unit_price] => updated from '' to '16500000'
            [tower] => updated from '' to 'South Tower'
            [status] => Available
        )

)

[01-Feb-2024 16:20:27] Sync completed successfully!
